# DURATION     TID     FUNCTION
            [  9146] | _GLOBAL__sub_I_partition_01() {
            [  9146] |   __static_initialization_and_destruction_0() {
  85.462 us [  9146] |     std::ios_base::Init::Init();
   0.263 us [  9146] |     __cxa_atexit();
  89.676 us [  9146] |   } /* __static_initialization_and_destruction_0 */
  90.286 us [  9146] | } /* _GLOBAL__sub_I_partition_01 */
            [  9146] | main() {
            [  9146] |   std::allocator::allocator() {
   0.077 us [  9146] |     __gnu_cxx::new_allocator::new_allocator();
   0.470 us [  9146] |   } /* std::allocator::allocator */
            [  9146] |   std::vector::vector() {
            [  9146] |     std::_Vector_base::_Vector_base() {
            [  9146] |       std::_Vector_base::_Vector_impl::_Vector_impl() {
            [  9146] |         std::allocator::allocator() {
   0.074 us [  9146] |           __gnu_cxx::new_allocator::new_allocator();
   0.477 us [  9146] |         } /* std::allocator::allocator */
   0.712 us [  9146] |       } /* std::_Vector_base::_Vector_impl::_Vector_impl */
   0.945 us [  9146] |     } /* std::_Vector_base::_Vector_base */
            [  9146] |     std::initializer_list::end() {
   0.068 us [  9146] |       std::initializer_list::begin();
   0.071 us [  9146] |       std::initializer_list::size();
   0.560 us [  9146] |     } /* std::initializer_list::end */
   0.071 us [  9146] |     std::initializer_list::begin();
            [  9146] |     std::vector::_M_range_initialize() {
            [  9146] |       std::distance() {
   0.075 us [  9146] |         std::__iterator_category();
   0.070 us [  9146] |         std::__distance();
   0.590 us [  9146] |       } /* std::distance */
            [  9146] |       std::_Vector_base::_M_allocate() {
            [  9146] |         std::allocator_traits::allocate() {
            [  9146] |           __gnu_cxx::new_allocator::allocate() {
   0.074 us [  9146] |             __gnu_cxx::new_allocator::max_size();
   1.159 us [  9146] |             operator new();
   1.864 us [  9146] |           } /* __gnu_cxx::new_allocator::allocate */
   2.048 us [  9146] |         } /* std::allocator_traits::allocate */
   2.253 us [  9146] |       } /* std::_Vector_base::_M_allocate */
   0.074 us [  9146] |       std::_Vector_base::_M_get_Tp_allocator();
            [  9146] |       std::__uninitialized_copy_a() {
            [  9146] |         std::uninitialized_copy() {
            [  9146] |           std::__uninitialized_copy::__uninit_copy() {
            [  9146] |             std::copy() {
   0.077 us [  9146] |               std::__miter_base();
   0.072 us [  9146] |               std::__miter_base();
            [  9146] |               std::__copy_move_a2() {
   0.086 us [  9146] |                 std::__niter_base();
   0.077 us [  9146] |                 std::__niter_base();
   0.072 us [  9146] |                 std::__niter_base();
            [  9146] |                 std::__copy_move_a() {
            [  9146] |                   std::__copy_move::__copy_m() {
   0.741 us [  9146] |                     memmove();
   1.104 us [  9146] |                   } /* std::__copy_move::__copy_m */
   1.302 us [  9146] |                 } /* std::__copy_move_a */
   2.207 us [  9146] |               } /* std::__copy_move_a2 */
   2.949 us [  9146] |             } /* std::copy */
   3.127 us [  9146] |           } /* std::__uninitialized_copy::__uninit_copy */
   3.301 us [  9146] |         } /* std::uninitialized_copy */
   3.507 us [  9146] |       } /* std::__uninitialized_copy_a */
   7.015 us [  9146] |     } /* std::vector::_M_range_initialize */
   9.133 us [  9146] |   } /* std::vector::vector */
            [  9146] |   std::allocator::~allocator() {
   0.074 us [  9146] |     __gnu_cxx::new_allocator::~new_allocator();
   0.329 us [  9146] |   } /* std::allocator::~allocator */
            [  9146] |   std::vector::end() {
   0.072 us [  9146] |     __gnu_cxx::__normal_iterator::__normal_iterator();
   0.327 us [  9146] |   } /* std::vector::end */
            [  9146] |   std::vector::begin() {
   0.072 us [  9146] |     __gnu_cxx::__normal_iterator::__normal_iterator();
   0.307 us [  9146] |   } /* std::vector::begin */
            [  9146] |   partition_02() {
            [  9146] |     std::allocator::allocator() {
   0.071 us [  9146] |       __gnu_cxx::new_allocator::new_allocator();
   0.323 us [  9146] |     } /* std::allocator::allocator */
            [  9146] |     std::vector::vector() {
            [  9146] |       std::_Vector_base::_Vector_base() {
            [  9146] |         std::_Vector_base::_Vector_impl::_Vector_impl() {
            [  9146] |           std::allocator::allocator() {
   0.070 us [  9146] |             __gnu_cxx::new_allocator::new_allocator();
   0.403 us [  9146] |           } /* std::allocator::allocator */
   0.579 us [  9146] |         } /* std::_Vector_base::_Vector_impl::_Vector_impl */
   0.762 us [  9146] |       } /* std::_Vector_base::_Vector_base */
            [  9146] |       std::initializer_list::end() {
   0.070 us [  9146] |         std::initializer_list::begin();
   0.067 us [  9146] |         std::initializer_list::size();
   0.491 us [  9146] |       } /* std::initializer_list::end */
   0.070 us [  9146] |       std::initializer_list::begin();
            [  9146] |       std::vector::_M_range_initialize() {
            [  9146] |         std::distance() {
   0.074 us [  9146] |           std::__iterator_category();
   0.074 us [  9146] |           std::__distance();
   0.511 us [  9146] |         } /* std::distance */
            [  9146] |         std::_Vector_base::_M_allocate() {
            [  9146] |           std::allocator_traits::allocate() {
            [  9146] |             __gnu_cxx::new_allocator::allocate() {
   0.074 us [  9146] |               __gnu_cxx::new_allocator::max_size();
   0.158 us [  9146] |               operator new();
   0.687 us [  9146] |             } /* __gnu_cxx::new_allocator::allocate */
   0.859 us [  9146] |           } /* std::allocator_traits::allocate */
   1.029 us [  9146] |         } /* std::_Vector_base::_M_allocate */
   0.067 us [  9146] |         std::_Vector_base::_M_get_Tp_allocator();
            [  9146] |         std::__uninitialized_copy_a() {
            [  9146] |           std::uninitialized_copy() {
            [  9146] |             std::__uninitialized_copy::__uninit_copy() {
            [  9146] |               std::copy() {
   0.069 us [  9146] |                 std::__miter_base();
   0.067 us [  9146] |                 std::__miter_base();
            [  9146] |                 std::__copy_move_a2() {
   0.068 us [  9146] |                   std::__niter_base();
   0.068 us [  9146] |                   std::__niter_base();
   0.069 us [  9146] |                   std::__niter_base();
            [  9146] |                   std::__copy_move_a() {
            [  9146] |                     std::__copy_move::__copy_m() {
   0.128 us [  9146] |                       memmove();
   0.421 us [  9146] |                     } /* std::__copy_move::__copy_m */
   0.596 us [  9146] |                   } /* std::__copy_move_a */
   1.407 us [  9146] |                 } /* std::__copy_move_a2 */
   2.043 us [  9146] |               } /* std::copy */
   2.215 us [  9146] |             } /* std::__uninitialized_copy::__uninit_copy */
   2.386 us [  9146] |           } /* std::uninitialized_copy */
   2.583 us [  9146] |         } /* std::__uninitialized_copy_a */
   4.695 us [  9146] |       } /* std::vector::_M_range_initialize */
   6.529 us [  9146] |     } /* std::vector::vector */
            [  9146] |     std::allocator::~allocator() {
   0.069 us [  9146] |       __gnu_cxx::new_allocator::~new_allocator();
   0.304 us [  9146] |     } /* std::allocator::~allocator */
            [  9146] |     std::vector::begin() {
   0.076 us [  9146] |       __gnu_cxx::__normal_iterator::__normal_iterator();
   0.307 us [  9146] |     } /* std::vector::begin */
   0.070 us [  9146] |     __gnu_cxx::__normal_iterator::operator++();
   0.074 us [  9146] |     __gnu_cxx::__normal_iterator::operator*();
   0.078 us [  9146] |     __gnu_cxx::__normal_iterator::operator*();
            [  9146] |     std::swap() {
   0.074 us [  9146] |       std::move();
   0.071 us [  9146] |       std::move();
   0.071 us [  9146] |       std::move();
   0.728 us [  9146] |     } /* std::swap */
   0.615 us [  9146] |     std::allocator::allocator();
   2.183 us [  9146] |     std::__cxx11::basic_string::basic_string();
            [  9146] |     PRINT_ELEMENTS() {
   6.451 us [  9146] |       std::operator<<();
            [  9146] |       std::vector::begin() {
   0.078 us [  9146] |         __gnu_cxx::__normal_iterator::__normal_iterator();
   0.302 us [  9146] |       } /* std::vector::begin */
            [  9146] |       std::vector::end() {
   0.071 us [  9146] |         __gnu_cxx::__normal_iterator::__normal_iterator();
   0.290 us [  9146] |       } /* std::vector::end */
            [  9146] |       __gnu_cxx::operator!=() {
   0.071 us [  9146] |         __gnu_cxx::__normal_iterator::base();
   0.069 us [  9146] |         __gnu_cxx::__normal_iterator::base();
   0.516 us [  9146] |       } /* __gnu_cxx::operator!= */
   0.073 us [  9146] |       __gnu_cxx::__normal_iterator::operator*();
  10.458 us [  9146] |       std::basic_ostream::operator<<();
   1.480 us [  9146] |       std::operator<<();
   0.079 us [  9146] |       __gnu_cxx::__normal_iterator::operator++();
            [  9146] |       __gnu_cxx::operator!=() {
   0.071 us [  9146] |         __gnu_cxx::__normal_iterator::base();
   0.067 us [  9146] |         __gnu_cxx::__normal_iterator::base();
   0.485 us [  9146] |       } /* __gnu_cxx::operator!= */
   0.071 us [  9146] |       __gnu_cxx::__normal_iterator::operator*();
   0.416 us [  9146] |       std::basic_ostream::operator<<();
   0.256 us [  9146] |       std::operator<<();
   0.069 us [  9146] |       __gnu_cxx::__normal_iterator::operator++();
            [  9146] |       __gnu_cxx::operator!=() {
   0.065 us [  9146] |         __gnu_cxx::__normal_iterator::base();
   0.071 us [  9146] |         __gnu_cxx::__normal_iterator::base();
   0.464 us [  9146] |       } /* __gnu_cxx::operator!= */
   0.068 us [  9146] |       __gnu_cxx::__normal_iterator::operator*();
   0.310 us [  9146] |       std::basic_ostream::operator<<();
   0.237 us [  9146] |       std::operator<<();
   0.071 us [  9146] |       __gnu_cxx::__normal_iterator::operator++();
            [  9146] |       __gnu_cxx::operator!=() {
   0.069 us [  9146] |         __gnu_cxx::__normal_iterator::base();
   0.067 us [  9146] |         __gnu_cxx::__normal_iterator::base();
   0.474 us [  9146] |       } /* __gnu_cxx::operator!= */
   0.070 us [  9146] |       __gnu_cxx::__normal_iterator::operator*();
   0.248 us [  9146] |       std::basic_ostream::operator<<();
   0.222 us [  9146] |       std::operator<<();
   0.070 us [  9146] |       __gnu_cxx::__normal_iterator::operator++();
            [  9146] |       __gnu_cxx::operator!=() {
   0.068 us [  9146] |         __gnu_cxx::__normal_iterator::base();
   0.071 us [  9146] |         __gnu_cxx::__normal_iterator::base();
   4.935 us [  9146] |       } /* __gnu_cxx::operator!= */
   0.075 us [  9146] |       __gnu_cxx::__normal_iterator::operator*();
   0.397 us [  9146] |       std::basic_ostream::operator<<();
   0.253 us [  9146] |       std::operator<<();
   0.069 us [  9146] |       __gnu_cxx::__normal_iterator::operator++();
            [  9146] |       __gnu_cxx::operator!=() {
   0.070 us [  9146] |         __gnu_cxx::__normal_iterator::base();
   0.068 us [  9146] |         __gnu_cxx::__normal_iterator::base();
   0.466 us [  9146] |       } /* __gnu_cxx::operator!= */
   0.065 us [  9146] |       __gnu_cxx::__normal_iterator::operator*();
   0.243 us [  9146] |       std::basic_ostream::operator<<();
   0.221 us [  9146] |       std::operator<<();
   0.069 us [  9146] |       __gnu_cxx::__normal_iterator::operator++();
            [  9146] |       __gnu_cxx::operator!=() {
   0.068 us [  9146] |         __gnu_cxx::__normal_iterator::base();
   0.069 us [  9146] |         __gnu_cxx::__normal_iterator::base();
   0.472 us [  9146] |       } /* __gnu_cxx::operator!= */
   0.067 us [  9146] |       __gnu_cxx::__normal_iterator::operator*();
   0.250 us [  9146] |       std::basic_ostream::operator<<();
   0.221 us [  9146] |       std::operator<<();
   0.071 us [  9146] |       __gnu_cxx::__normal_iterator::operator++();
            [  9146] |       __gnu_cxx::operator!=() {
   0.069 us [  9146] |         __gnu_cxx::__normal_iterator::base();
   0.069 us [  9146] |         __gnu_cxx::__normal_iterator::base();
   0.468 us [  9146] |       } /* __gnu_cxx::operator!= */
   0.065 us [  9146] |       __gnu_cxx::__normal_iterator::operator*();
   0.242 us [  9146] |       std::basic_ostream::operator<<();
   0.226 us [  9146] |       std::operator<<();
   0.068 us [  9146] |       __gnu_cxx::__normal_iterator::operator++();
            [  9146] |       __gnu_cxx::operator!=() {
   0.070 us [  9146] |         __gnu_cxx::__normal_iterator::base();
   0.069 us [  9146] |         __gnu_cxx::__normal_iterator::base();
   0.472 us [  9146] |       } /* __gnu_cxx::operator!= */
   0.066 us [  9146] |       __gnu_cxx::__normal_iterator::operator*();
   0.242 us [  9146] |       std::basic_ostream::operator<<();
   0.222 us [  9146] |       std::operator<<();
   0.069 us [  9146] |       __gnu_cxx::__normal_iterator::operator++();
            [  9146] |       __gnu_cxx::operator!=() {
   0.069 us [  9146] |         __gnu_cxx::__normal_iterator::base();
   0.068 us [  9146] |         __gnu_cxx::__normal_iterator::base();
   0.471 us [  9146] |       } /* __gnu_cxx::operator!= */
   0.065 us [  9146] |       __gnu_cxx::__normal_iterator::operator*();
   0.248 us [  9146] |       std::basic_ostream::operator<<();
   0.222 us [  9146] |       std::operator<<();
   0.069 us [  9146] |       __gnu_cxx::__normal_iterator::operator++();
            [  9146] |       __gnu_cxx::operator!=() {
   0.070 us [  9146] |         __gnu_cxx::__normal_iterator::base();
   0.071 us [  9146] |         __gnu_cxx::__normal_iterator::base();
   0.468 us [  9146] |       } /* __gnu_cxx::operator!= */
   0.067 us [  9146] |       __gnu_cxx::__normal_iterator::operator*();
   0.241 us [  9146] |       std::basic_ostream::operator<<();
   0.227 us [  9146] |       std::operator<<();
   0.069 us [  9146] |       __gnu_cxx::__normal_iterator::operator++();
            [  9146] |       __gnu_cxx::operator!=() {
   0.070 us [  9146] |         __gnu_cxx::__normal_iterator::base();
   0.067 us [  9146] |         __gnu_cxx::__normal_iterator::base();
   0.466 us [  9146] |       } /* __gnu_cxx::operator!= */
   0.069 us [  9146] |       __gnu_cxx::__normal_iterator::operator*();
   0.244 us [  9146] |       std::basic_ostream::operator<<();
   0.221 us [  9146] |       std::operator<<();
   0.068 us [  9146] |       __gnu_cxx::__normal_iterator::operator++();
            [  9146] |       __gnu_cxx::operator!=() {
   0.069 us [  9146] |         __gnu_cxx::__normal_iterator::base();
   0.071 us [  9146] |         __gnu_cxx::__normal_iterator::base();
   0.474 us [  9146] |       } /* __gnu_cxx::operator!= */
   0.067 us [  9146] |       __gnu_cxx::__normal_iterator::operator*();
   0.246 us [  9146] |       std::basic_ostream::operator<<();
   0.223 us [  9146] |       std::operator<<();
   0.071 us [  9146] |       __gnu_cxx::__normal_iterator::operator++();
            [  9146] |       __gnu_cxx::operator!=() {
   0.071 us [  9146] |         __gnu_cxx::__normal_iterator::base();
   0.071 us [  9146] |         __gnu_cxx::__normal_iterator::base();
   0.468 us [  9146] |       } /* __gnu_cxx::operator!= */
   0.067 us [  9146] |       __gnu_cxx::__normal_iterator::operator*();
   0.242 us [  9146] |       std::basic_ostream::operator<<();
   0.228 us [  9146] |       std::operator<<();
   0.068 us [  9146] |       __gnu_cxx::__normal_iterator::operator++();
            [  9146] |       __gnu_cxx::operator!=() {
   0.071 us [  9146] |         __gnu_cxx::__normal_iterator::base();
   0.068 us [  9146] |         __gnu_cxx::__normal_iterator::base();
   0.473 us [  9146] |       } /* __gnu_cxx::operator!= */
   0.065 us [  9146] |       __gnu_cxx::__normal_iterator::operator*();
   0.245 us [  9146] |       std::basic_ostream::operator<<();
   0.222 us [  9146] |       std::operator<<();
   0.071 us [  9146] |       __gnu_cxx::__normal_iterator::operator++();
            [  9146] |       __gnu_cxx::operator!=() {
   0.071 us [  9146] |         __gnu_cxx::__normal_iterator::base();
   0.070 us [  9146] |         __gnu_cxx::__normal_iterator::base();
   0.470 us [  9146] |       } /* __gnu_cxx::operator!= */
   0.067 us [  9146] |       __gnu_cxx::__normal_iterator::operator*();
   0.246 us [  9146] |       std::basic_ostream::operator<<();
   0.223 us [  9146] |       std::operator<<();
   0.071 us [  9146] |       __gnu_cxx::__normal_iterator::operator++();
            [  9146] |       __gnu_cxx::operator!=() {
   0.069 us [  9146] |         __gnu_cxx::__normal_iterator::base();
   0.069 us [  9146] |         __gnu_cxx::__normal_iterator::base();
   0.468 us [  9146] |       } /* __gnu_cxx::operator!= */
   0.067 us [  9146] |       __gnu_cxx::__normal_iterator::operator*();
   0.243 us [  9146] |       std::basic_ostream::operator<<();
   0.227 us [  9146] |       std::operator<<();
   0.068 us [  9146] |       __gnu_cxx::__normal_iterator::operator++();
            [  9146] |       __gnu_cxx::operator!=() {
   0.071 us [  9146] |         __gnu_cxx::__normal_iterator::base();
   0.069 us [  9146] |         __gnu_cxx::__normal_iterator::base();
   0.470 us [  9146] |       } /* __gnu_cxx::operator!= */
   0.065 us [  9146] |       __gnu_cxx::__normal_iterator::operator*();
   0.243 us [  9146] |       std::basic_ostream::operator<<();
   0.221 us [  9146] |       std::operator<<();
   0.071 us [  9146] |       __gnu_cxx::__normal_iterator::operator++();
            [  9146] |       __gnu_cxx::operator!=() {
   0.070 us [  9146] |         __gnu_cxx::__normal_iterator::base();
   0.069 us [  9146] |         __gnu_cxx::__normal_iterator::base();
   0.472 us [  9146] |       } /* __gnu_cxx::operator!= */
   0.067 us [  9146] |       __gnu_cxx::__normal_iterator::operator*();
   0.254 us [  9146] |       std::basic_ostream::operator<<();
   0.222 us [  9146] |       std::operator<<();
   0.070 us [  9146] |       __gnu_cxx::__normal_iterator::operator++();
            [  9146] |       __gnu_cxx::operator!=() {
   0.070 us [  9146] |         __gnu_cxx::__normal_iterator::base();
   0.071 us [  9146] |         __gnu_cxx::__normal_iterator::base();
   0.470 us [  9146] |       } /* __gnu_cxx::operator!= */
   0.069 us [  9146] |       __gnu_cxx::__normal_iterator::operator*();
   0.244 us [  9146] |       std::basic_ostream::operator<<();
   0.228 us [  9146] |       std::operator<<();
   0.069 us [  9146] |       __gnu_cxx::__normal_iterator::operator++();
            [  9146] |       __gnu_cxx::operator!=() {
   0.067 us [  9146] |         __gnu_cxx::__normal_iterator::base();
   0.069 us [  9146] |         __gnu_cxx::__normal_iterator::base();
   0.472 us [  9146] |       } /* __gnu_cxx::operator!= */
   0.217 us [  9146] |       std::operator<<();
  11.665 us [  9146] |       std::basic_ostream::operator<<();
   0.287 us [  9146] |       std::operator<<();
  11.817 us [  9146] |       std::basic_ostream::operator<<();
  84.379 us [  9146] |     } /* PRINT_ELEMENTS */
   0.893 us [  9146] |     std::__cxx11::basic_string::~basic_string();
   0.566 us [  9146] |     std::allocator::~allocator();
            [  9146] |     std::vector::~vector() {
   0.068 us [  9146] |       std::_Vector_base::_M_get_Tp_allocator();
            [  9146] |       std::_Destroy() {
            [  9146] |         std::_Destroy() {
   0.074 us [  9146] |           std::_Destroy_aux::__destroy();
   0.338 us [  9146] |         } /* std::_Destroy */
   0.532 us [  9146] |       } /* std::_Destroy */
            [  9146] |       std::_Vector_base::~_Vector_base() {
            [  9146] |         std::_Vector_base::_M_deallocate() {
            [  9146] |           std::allocator_traits::deallocate() {
            [  9146] |             __gnu_cxx::new_allocator::deallocate() {
   1.514 us [  9146] |               operator delete();
   1.934 us [  9146] |             } /* __gnu_cxx::new_allocator::deallocate */
   2.135 us [  9146] |           } /* std::allocator_traits::deallocate */
   2.344 us [  9146] |         } /* std::_Vector_base::_M_deallocate */
            [  9146] |         std::_Vector_base::_Vector_impl::~_Vector_impl() {
            [  9146] |           std::allocator::~allocator() {
   0.071 us [  9146] |             __gnu_cxx::new_allocator::~new_allocator();
   0.352 us [  9146] |           } /* std::allocator::~allocator */
   0.563 us [  9146] |         } /* std::_Vector_base::_Vector_impl::~_Vector_impl */
   7.288 us [  9146] |       } /* std::_Vector_base::~_Vector_base */
   8.409 us [  9146] |     } /* std::vector::~vector */
 107.786 us [  9146] |   } /* partition_02 */
            [  9146] |   std::vector::~vector() {
   0.069 us [  9146] |     std::_Vector_base::_M_get_Tp_allocator();
            [  9146] |     std::_Destroy() {
            [  9146] |       std::_Destroy() {
   0.068 us [  9146] |         std::_Destroy_aux::__destroy();
   0.313 us [  9146] |       } /* std::_Destroy */
   0.484 us [  9146] |     } /* std::_Destroy */
            [  9146] |     std::_Vector_base::~_Vector_base() {
            [  9146] |       std::_Vector_base::_M_deallocate() {
            [  9146] |         std::allocator_traits::deallocate() {
            [  9146] |           __gnu_cxx::new_allocator::deallocate() {
   0.189 us [  9146] |             operator delete();
   0.577 us [  9146] |           } /* __gnu_cxx::new_allocator::deallocate */
   0.774 us [  9146] |         } /* std::allocator_traits::deallocate */
   0.945 us [  9146] |       } /* std::_Vector_base::_M_deallocate */
            [  9146] |       std::_Vector_base::_Vector_impl::~_Vector_impl() {
            [  9146] |         std::allocator::~allocator() {
   0.068 us [  9146] |           __gnu_cxx::new_allocator::~new_allocator();
   0.311 us [  9146] |         } /* std::allocator::~allocator */
   0.493 us [  9146] |       } /* std::_Vector_base::_Vector_impl::~_Vector_impl */
   1.704 us [  9146] |     } /* std::_Vector_base::~_Vector_base */
   2.677 us [  9146] |   } /* std::vector::~vector */
 122.042 us [  9146] | } /* main */
