execve("./client_test", ["./client_test", "localhost"], [/* 41 vars */]) = 0
brk(0)                                  = 0x1625000
access("/etc/ld.so.nohwcap", F_OK)      = -1 ENOENT (No such file or directory)
mmap(NULL, 8192, PROT_READ|PROT_WRITE, MAP_PRIVATE|MAP_ANONYMOUS, -1, 0) = 0x7f859f762000
access("/etc/ld.so.preload", R_OK)      = -1 ENOENT (No such file or directory)
open("/etc/ld.so.cache", O_RDONLY|O_CLOEXEC) = 3
fstat(3, {st_mode=S_IFREG|0644, st_size=118619, ...}) = 0
mmap(NULL, 118619, PROT_READ, MAP_PRIVATE, 3, 0) = 0x7f859f745000
close(3)                                = 0
access("/etc/ld.so.nohwcap", F_OK)      = -1 ENOENT (No such file or directory)
open("/lib/x86_64-linux-gnu/libpthread.so.0", O_RDONLY|O_CLOEXEC) = 3
read(3, "\177ELF\2\1\1\0\0\0\0\0\0\0\0\0\3\0>\0\1\0\0\0\320n\0\0\0\0\0\0"..., 832) = 832
fstat(3, {st_mode=S_IFREG|0755, st_size=137384, ...}) = 0
mmap(NULL, 2213008, PROT_READ|PROT_EXEC, MAP_PRIVATE|MAP_DENYWRITE, 3, 0) = 0x7f859f327000
mprotect(0x7f859f33f000, 2093056, PROT_NONE) = 0
mmap(0x7f859f53e000, 8192, PROT_READ|PROT_WRITE, MAP_PRIVATE|MAP_FIXED|MAP_DENYWRITE, 3, 0x17000) = 0x7f859f53e000
mmap(0x7f859f540000, 13456, PROT_READ|PROT_WRITE, MAP_PRIVATE|MAP_FIXED|MAP_ANONYMOUS, -1, 0) = 0x7f859f540000
close(3)                                = 0
access("/etc/ld.so.nohwcap", F_OK)      = -1 ENOENT (No such file or directory)
open("/usr/lib/x86_64-linux-gnu/libstdc++.so.6", O_RDONLY|O_CLOEXEC) = 3
read(3, "\177ELF\2\1\1\3\0\0\0\0\0\0\0\0\3\0>\0\1\0\0\0\260\270\5\0\0\0\0\0"..., 832) = 832
fstat(3, {st_mode=S_IFREG|0644, st_size=1008120, ...}) = 0
mmap(NULL, 3188384, PROT_READ|PROT_EXEC, MAP_PRIVATE|MAP_DENYWRITE, 3, 0) = 0x7f859f01c000
mprotect(0x7f859f108000, 2097152, PROT_NONE) = 0
mmap(0x7f859f308000, 40960, PROT_READ|PROT_WRITE, MAP_PRIVATE|MAP_FIXED|MAP_DENYWRITE, 3, 0xec000) = 0x7f859f308000
mmap(0x7f859f312000, 83616, PROT_READ|PROT_WRITE, MAP_PRIVATE|MAP_FIXED|MAP_ANONYMOUS, -1, 0) = 0x7f859f312000
close(3)                                = 0
access("/etc/ld.so.nohwcap", F_OK)      = -1 ENOENT (No such file or directory)
open("/lib/x86_64-linux-gnu/libm.so.6", O_RDONLY|O_CLOEXEC) = 3
read(3, "\177ELF\2\1\1\3\0\0\0\0\0\0\0\0\3\0>\0\1\0\0\0\200U\0\0\0\0\0\0"..., 832) = 832
fstat(3, {st_mode=S_IFREG|0644, st_size=1051056, ...}) = 0
mmap(NULL, 4096, PROT_READ|PROT_WRITE, MAP_PRIVATE|MAP_ANONYMOUS, -1, 0) = 0x7f859f744000
mmap(NULL, 3146072, PROT_READ|PROT_EXEC, MAP_PRIVATE|MAP_DENYWRITE, 3, 0) = 0x7f859ed1b000
mprotect(0x7f859ee1b000, 2093056, PROT_NONE) = 0
mmap(0x7f859f01a000, 8192, PROT_READ|PROT_WRITE, MAP_PRIVATE|MAP_FIXED|MAP_DENYWRITE, 3, 0xff000) = 0x7f859f01a000
close(3)                                = 0
access("/etc/ld.so.nohwcap", F_OK)      = -1 ENOENT (No such file or directory)
open("/lib/x86_64-linux-gnu/libgcc_s.so.1", O_RDONLY|O_CLOEXEC) = 3
read(3, "\177ELF\2\1\1\0\0\0\0\0\0\0\0\0\3\0>\0\1\0\0\0\260*\0\0\0\0\0\0"..., 832) = 832
fstat(3, {st_mode=S_IFREG|0644, st_size=90096, ...}) = 0
mmap(NULL, 2185952, PROT_READ|PROT_EXEC, MAP_PRIVATE|MAP_DENYWRITE, 3, 0) = 0x7f859eb05000
mprotect(0x7f859eb1b000, 2093056, PROT_NONE) = 0
mmap(0x7f859ed1a000, 4096, PROT_READ|PROT_WRITE, MAP_PRIVATE|MAP_FIXED|MAP_DENYWRITE, 3, 0x15000) = 0x7f859ed1a000
close(3)                                = 0
access("/etc/ld.so.nohwcap", F_OK)      = -1 ENOENT (No such file or directory)
open("/lib/x86_64-linux-gnu/libc.so.6", O_RDONLY|O_CLOEXEC) = 3
read(3, "\177ELF\2\1\1\3\0\0\0\0\0\0\0\0\3\0>\0\1\0\0\0P\34\2\0\0\0\0\0"..., 832) = 832
fstat(3, {st_mode=S_IFREG|0755, st_size=1738176, ...}) = 0
mmap(NULL, 3844640, PROT_READ|PROT_EXEC, MAP_PRIVATE|MAP_DENYWRITE, 3, 0) = 0x7f859e75a000
mprotect(0x7f859e8fb000, 2097152, PROT_NONE) = 0
mmap(0x7f859eafb000, 24576, PROT_READ|PROT_WRITE, MAP_PRIVATE|MAP_FIXED|MAP_DENYWRITE, 3, 0x1a1000) = 0x7f859eafb000
mmap(0x7f859eb01000, 14880, PROT_READ|PROT_WRITE, MAP_PRIVATE|MAP_FIXED|MAP_ANONYMOUS, -1, 0) = 0x7f859eb01000
close(3)                                = 0
mmap(NULL, 4096, PROT_READ|PROT_WRITE, MAP_PRIVATE|MAP_ANONYMOUS, -1, 0) = 0x7f859f743000
mmap(NULL, 4096, PROT_READ|PROT_WRITE, MAP_PRIVATE|MAP_ANONYMOUS, -1, 0) = 0x7f859f742000
mmap(NULL, 8192, PROT_READ|PROT_WRITE, MAP_PRIVATE|MAP_ANONYMOUS, -1, 0) = 0x7f859f740000
arch_prctl(ARCH_SET_FS, 0x7f859f740740) = 0
mprotect(0x7f859eafb000, 16384, PROT_READ) = 0
mprotect(0x7f859f01a000, 4096, PROT_READ) = 0
mmap(NULL, 4096, PROT_READ|PROT_WRITE, MAP_PRIVATE|MAP_ANONYMOUS, -1, 0) = 0x7f859f73f000
mprotect(0x7f859f308000, 32768, PROT_READ) = 0
mprotect(0x7f859f53e000, 4096, PROT_READ) = 0
mprotect(0x7f859f764000, 4096, PROT_READ) = 0
munmap(0x7f859f745000, 118619)          = 0
set_tid_address(0x7f859f740a10)         = 3225
set_robust_list(0x7f859f740a20, 24)     = 0
rt_sigaction(SIGRTMIN, {0x7f859f32d9b0, [], SA_RESTORER|SA_SIGINFO, 0x7f859f336890}, NULL, 8) = 0
rt_sigaction(SIGRT_1, {0x7f859f32da40, [], SA_RESTORER|SA_RESTART|SA_SIGINFO, 0x7f859f336890}, NULL, 8) = 0
rt_sigprocmask(SIG_UNBLOCK, [RTMIN RT_1], NULL, 8) = 0
getrlimit(RLIMIT_STACK, {rlim_cur=8192*1024, rlim_max=RLIM64_INFINITY}) = 0
socket(PF_INET, SOCK_STREAM, IPPROTO_IP) = 3
brk(0)                                  = 0x1625000
brk(0x1646000)                          = 0x1646000
open("/etc/resolv.conf", O_RDONLY|O_CLOEXEC) = 4
fstat(4, {st_mode=S_IFREG|0644, st_size=125, ...}) = 0
mmap(NULL, 4096, PROT_READ|PROT_WRITE, MAP_PRIVATE|MAP_ANONYMOUS, -1, 0) = 0x7f859f761000
read(4, "# Generated by NetworkManager\nse"..., 4096) = 125
read(4, "", 4096)                       = 0
close(4)                                = 0
munmap(0x7f859f761000, 4096)            = 0
stat("/etc/resolv.conf", {st_mode=S_IFREG|0644, st_size=125, ...}) = 0
open("/etc/resolv.conf", O_RDONLY|O_CLOEXEC) = 4
fstat(4, {st_mode=S_IFREG|0644, st_size=125, ...}) = 0
mmap(NULL, 4096, PROT_READ|PROT_WRITE, MAP_PRIVATE|MAP_ANONYMOUS, -1, 0) = 0x7f859f761000
read(4, "# Generated by NetworkManager\nse"..., 4096) = 125
read(4, "", 4096)                       = 0
close(4)                                = 0
munmap(0x7f859f761000, 4096)            = 0
socket(PF_LOCAL, SOCK_STREAM|SOCK_CLOEXEC|SOCK_NONBLOCK, 0) = 4
connect(4, {sa_family=AF_LOCAL, sun_path="/var/run/nscd/socket"}, 110) = -1 ENOENT (No such file or directory)
close(4)                                = 0
socket(PF_LOCAL, SOCK_STREAM|SOCK_CLOEXEC|SOCK_NONBLOCK, 0) = 4
connect(4, {sa_family=AF_LOCAL, sun_path="/var/run/nscd/socket"}, 110) = -1 ENOENT (No such file or directory)
close(4)                                = 0
open("/etc/nsswitch.conf", O_RDONLY|O_CLOEXEC) = 4
fstat(4, {st_mode=S_IFREG|0644, st_size=586, ...}) = 0
mmap(NULL, 4096, PROT_READ|PROT_WRITE, MAP_PRIVATE|MAP_ANONYMOUS, -1, 0) = 0x7f859f761000
read(4, "# /etc/nsswitch.conf\n#\n# Example"..., 4096) = 586
read(4, "", 4096)                       = 0
close(4)                                = 0
munmap(0x7f859f761000, 4096)            = 0
open("/etc/ld.so.cache", O_RDONLY|O_CLOEXEC) = 4
fstat(4, {st_mode=S_IFREG|0644, st_size=118619, ...}) = 0
mmap(NULL, 118619, PROT_READ, MAP_PRIVATE, 4, 0) = 0x7f859f745000
close(4)                                = 0
access("/etc/ld.so.nohwcap", F_OK)      = -1 ENOENT (No such file or directory)
open("/lib/x86_64-linux-gnu/libnss_files.so.2", O_RDONLY|O_CLOEXEC) = 4
read(4, "\177ELF\2\1\1\0\0\0\0\0\0\0\0\0\3\0>\0\1\0\0\0\240\"\0\0\0\0\0\0"..., 832) = 832
fstat(4, {st_mode=S_IFREG|0644, st_size=47712, ...}) = 0
mmap(NULL, 2144392, PROT_READ|PROT_EXEC, MAP_PRIVATE|MAP_DENYWRITE, 4, 0) = 0x7f859e54e000
mprotect(0x7f859e559000, 2093056, PROT_NONE) = 0
mmap(0x7f859e758000, 8192, PROT_READ|PROT_WRITE, MAP_PRIVATE|MAP_FIXED|MAP_DENYWRITE, 4, 0xa000) = 0x7f859e758000
close(4)                                = 0
mprotect(0x7f859e758000, 4096, PROT_READ) = 0
munmap(0x7f859f745000, 118619)          = 0
open("/etc/host.conf", O_RDONLY|O_CLOEXEC) = 4
fstat(4, {st_mode=S_IFREG|0644, st_size=9, ...}) = 0
mmap(NULL, 4096, PROT_READ|PROT_WRITE, MAP_PRIVATE|MAP_ANONYMOUS, -1, 0) = 0x7f859f761000
read(4, "multi on\n", 4096)             = 9
read(4, "", 4096)                       = 0
close(4)                                = 0
munmap(0x7f859f761000, 4096)            = 0
futex(0x7f859eb03bc4, FUTEX_WAKE_PRIVATE, 2147483647) = 0
open("/etc/hosts", O_RDONLY|O_CLOEXEC)  = 4
fstat(4, {st_mode=S_IFREG|0644, st_size=192, ...}) = 0
mmap(NULL, 4096, PROT_READ|PROT_WRITE, MAP_PRIVATE|MAP_ANONYMOUS, -1, 0) = 0x7f859f761000
read(4, "127.0.0.1\tlocalhost\n127.0.1.1\tki"..., 4096) = 192
read(4, "", 4096)                       = 0
close(4)                                = 0
munmap(0x7f859f761000, 4096)            = 0
connect(3, {sa_family=AF_INET, sin_port=htons(0), sin_addr=inet_addr("127.0.0.1")}, 16) = -1 ECONNREFUSED (Connection refused)
fstat(1, {st_mode=S_IFREG|0644, st_size=8769, ...}) = 0
mmap(NULL, 4096, PROT_READ|PROT_WRITE, MAP_PRIVATE|MAP_ANONYMOUS, -1, 0) = 0x7f859f761000
read(3, 0x7ffef24aa770, 1000)           = -1 ENOTCONN (Transport endpoint is not connected)
write(1, "client: connect\nclient: \nclient:"..., 37client: connect
client: 
client: end
) = 37
exit_group(0)                           = ?
+++ exited with 0 +++
